<?xml version="1.0" encoding="UTF-8"?>
<!-- Generated by org.testng.reporters.JUnitXMLReporter -->
<testsuite hostname="EC2AMAZ-QPE55D9" ignored="0" name="COBDiaryTabTest Tab Test" tests="1" failures="1" timestamp="06 Mar 2020 07:11:22 GMT" time="118.973" errors="0">
  <testcase name="doLogin" time="118.963" classname="testCases.COBDiaryTabTest">
    <failure type="java.lang.AssertionError" message="Fail -Unable to select the optiondiarycatogory1">
      <![CDATA[java.lang.AssertionError: Fail -Unable to select the optiondiarycatogory1
at com.qtpselenium.util.Keywords.executekeywords(Keywords.java:152)
at testCases.COBDiaryTabTest.doLogin(COBDiaryTabTest.java:28)
... Removed 29 stack frames]]>
    </failure>
  </testcase> <!-- doLogin -->
</testsuite> <!-- COBDiaryTabTest Tab Test -->
