<?xml version="1.0" encoding="UTF-8"?>
<testng-results skipped="4" failed="2" ignored="0" total="9" passed="3">
  <reporter-output>
  </reporter-output>
  <suite name="example1" duration-ms="803579" started-at="2020-03-06T06:58:56Z" finished-at="2020-03-06T07:12:19Z">
    <groups>
    </groups>
    <test name="Login Test" duration-ms="310809" started-at="2020-03-06T06:58:56Z" finished-at="2020-03-06T07:04:06Z">
      <class name="testCases.LoginTest">
        <test-method status="PASS" signature="doLogin(java.util.Hashtable)[pri:0, instance:testCases.LoginTest@34a3d150]" name="doLogin" duration-ms="310775" started-at="2020-03-06T06:58:56Z" data-provider="getdata" finished-at="2020-03-06T07:04:06Z">
          <params>
            <param index="0">
              <value>
                <![CDATA[{CaseNumber=1058238, CaseStatus=Investigation, Cname=(003) Rush, Text=Discovery Case Management, Runmode=Y, UserName=syntelqa@nitorsso.onmicrosoft.com, Claimtype=Medical Payments Coverage, Title=Case Management, Password=Atos!120, Ctype=TPL Case, Browser=chrome, CaseSearchResult=Case Search Results}]]>
              </value>
            </param>
          </params>
          <reporter-output>
          </reporter-output>
        </test-method> <!-- doLogin -->
      </class> <!-- testCases.LoginTest -->
    </test> <!-- Login Test -->
    <test name="Activity Tab Test" duration-ms="2" started-at="2020-03-06T07:04:06Z" finished-at="2020-03-06T07:04:06Z">
      <class name="testCases.ActivitytTabTest">
        <test-method status="SKIP" signature="clickActivity(java.util.Hashtable)[pri:0, instance:testCases.ActivitytTabTest@408d971b]" name="clickActivity" duration-ms="1" started-at="2020-03-06T07:04:06Z" data-provider="getdata" finished-at="2020-03-06T07:04:06Z">
          <params>
            <param index="0">
              <value>
                <![CDATA[{Text2=ALL, Text1=NEW: Investigation, Runmode=N, Aname=Audit: Issue resolved with case manager, Anote=Notes: Investigation}]]>
              </value>
            </param>
          </params>
          <exception class="org.testng.SkipException">
            <message>
              <![CDATA[Skipping the test as runmode is set to no]]>
            </message>
            <full-stacktrace>
              <![CDATA[org.testng.SkipException: Skipping the test as runmode is set to no
at testCases.ActivitytTabTest.clickActivity(ActivitytTabTest.java:24)
at sun.reflect.NativeMethodAccessorImpl.invoke0(Native Method)
at sun.reflect.NativeMethodAccessorImpl.invoke(Unknown Source)
at sun.reflect.DelegatingMethodAccessorImpl.invoke(Unknown Source)
at java.lang.reflect.Method.invoke(Unknown Source)
at org.testng.internal.MethodInvocationHelper.invokeMethod(MethodInvocationHelper.java:124)
at org.testng.internal.Invoker.invokeMethod(Invoker.java:580)
at org.testng.internal.Invoker.invokeTestMethod(Invoker.java:716)
at org.testng.internal.Invoker.invokeTestMethods(Invoker.java:988)
at org.testng.internal.TestMethodWorker.invokeTestMethods(TestMethodWorker.java:125)
at org.testng.internal.TestMethodWorker.run(TestMethodWorker.java:109)
at org.testng.TestRunner.privateRun(TestRunner.java:648)
at org.testng.TestRunner.run(TestRunner.java:505)
at org.testng.SuiteRunner.runTest(SuiteRunner.java:455)
at org.testng.SuiteRunner.runSequentially(SuiteRunner.java:450)
at org.testng.SuiteRunner.privateRun(SuiteRunner.java:415)
at org.testng.SuiteRunner.run(SuiteRunner.java:364)
at org.testng.SuiteRunnerWorker.runSuite(SuiteRunnerWorker.java:52)
at org.testng.SuiteRunnerWorker.run(SuiteRunnerWorker.java:84)
at org.testng.TestNG.runSuitesSequentially(TestNG.java:1208)
at org.testng.TestNG.runSuitesLocally(TestNG.java:1137)
at org.testng.TestNG.runSuites(TestNG.java:1049)
at org.testng.TestNG.run(TestNG.java:1017)
at org.apache.maven.surefire.testng.TestNGExecutor.run(TestNGExecutor.java:281)
at org.apache.maven.surefire.testng.TestNGXmlTestSuite.execute(TestNGXmlTestSuite.java:75)
at org.apache.maven.surefire.testng.TestNGProvider.invoke(TestNGProvider.java:121)
at org.apache.maven.surefire.booter.ForkedBooter.invokeProviderInSameClassLoader(ForkedBooter.java:290)
at org.apache.maven.surefire.booter.ForkedBooter.runSuitesInProcess(ForkedBooter.java:242)
at org.apache.maven.surefire.booter.ForkedBooter.main(ForkedBooter.java:121)
]]>
            </full-stacktrace>
          </exception> <!-- org.testng.SkipException -->
          <reporter-output>
          </reporter-output>
        </test-method> <!-- clickActivity -->
      </class> <!-- testCases.ActivitytTabTest -->
    </test> <!-- Activity Tab Test -->
    <test name="Diary Tab Test" duration-ms="4" started-at="2020-03-06T07:04:06Z" finished-at="2020-03-06T07:04:06Z">
      <class name="testCases.DiaryTabTest">
        <test-method status="SKIP" signature="clickActivity(java.util.Hashtable)[pri:0, instance:testCases.DiaryTabTest@6a78afa0]" name="clickActivity" duration-ms="1" started-at="2020-03-06T07:04:06Z" data-provider="getdata" finished-at="2020-03-06T07:04:06Z">
          <params>
            <param index="0">
              <value>
                <![CDATA[{diarydisc=Sample diary , changestatus1=Open, diarytype=ASAP, changestatus=Closed, Runmode=N, diarycatogory=All}]]>
              </value>
            </param>
          </params>
          <exception class="org.testng.SkipException">
            <message>
              <![CDATA[Skipping the test as runmode is set to no]]>
            </message>
            <full-stacktrace>
              <![CDATA[org.testng.SkipException: Skipping the test as runmode is set to no
at testCases.DiaryTabTest.clickActivity(DiaryTabTest.java:25)
at sun.reflect.NativeMethodAccessorImpl.invoke0(Native Method)
at sun.reflect.NativeMethodAccessorImpl.invoke(Unknown Source)
at sun.reflect.DelegatingMethodAccessorImpl.invoke(Unknown Source)
at java.lang.reflect.Method.invoke(Unknown Source)
at org.testng.internal.MethodInvocationHelper.invokeMethod(MethodInvocationHelper.java:124)
at org.testng.internal.Invoker.invokeMethod(Invoker.java:580)
at org.testng.internal.Invoker.invokeTestMethod(Invoker.java:716)
at org.testng.internal.Invoker.invokeTestMethods(Invoker.java:988)
at org.testng.internal.TestMethodWorker.invokeTestMethods(TestMethodWorker.java:125)
at org.testng.internal.TestMethodWorker.run(TestMethodWorker.java:109)
at org.testng.TestRunner.privateRun(TestRunner.java:648)
at org.testng.TestRunner.run(TestRunner.java:505)
at org.testng.SuiteRunner.runTest(SuiteRunner.java:455)
at org.testng.SuiteRunner.runSequentially(SuiteRunner.java:450)
at org.testng.SuiteRunner.privateRun(SuiteRunner.java:415)
at org.testng.SuiteRunner.run(SuiteRunner.java:364)
at org.testng.SuiteRunnerWorker.runSuite(SuiteRunnerWorker.java:52)
at org.testng.SuiteRunnerWorker.run(SuiteRunnerWorker.java:84)
at org.testng.TestNG.runSuitesSequentially(TestNG.java:1208)
at org.testng.TestNG.runSuitesLocally(TestNG.java:1137)
at org.testng.TestNG.runSuites(TestNG.java:1049)
at org.testng.TestNG.run(TestNG.java:1017)
at org.apache.maven.surefire.testng.TestNGExecutor.run(TestNGExecutor.java:281)
at org.apache.maven.surefire.testng.TestNGXmlTestSuite.execute(TestNGXmlTestSuite.java:75)
at org.apache.maven.surefire.testng.TestNGProvider.invoke(TestNGProvider.java:121)
at org.apache.maven.surefire.booter.ForkedBooter.invokeProviderInSameClassLoader(ForkedBooter.java:290)
at org.apache.maven.surefire.booter.ForkedBooter.runSuitesInProcess(ForkedBooter.java:242)
at org.apache.maven.surefire.booter.ForkedBooter.main(ForkedBooter.java:121)
]]>
            </full-stacktrace>
          </exception> <!-- org.testng.SkipException -->
          <reporter-output>
          </reporter-output>
        </test-method> <!-- clickActivity -->
      </class> <!-- testCases.DiaryTabTest -->
    </test> <!-- Diary Tab Test -->
    <test name="NewcaseEntry Tab Test" duration-ms="19" started-at="2020-03-06T07:04:06Z" finished-at="2020-03-06T07:04:06Z">
      <class name="testCases.NewCaseEntryTabTest">
        <test-method status="SKIP" signature="addNewCaseEntry(java.util.Hashtable)[pri:0, instance:testCases.NewCaseEntryTabTest@4116aac9]" name="addNewCaseEntry" duration-ms="0" started-at="2020-03-06T07:04:06Z" data-provider="getdata" finished-at="2020-03-06T07:04:06Z">
          <params>
            <param index="0">
              <value>
                <![CDATA[{suffixid=1234567.0, ssn=1.23456789E8, adddiscription=ABCXYZDEF, Cname=Rush, Runmode=N, FristName=a, lastname=Patil, AcName=a, memberid=66675908994089378, address=ABCXYZ, fistname=Swanand, TypeofCase=TPL Case}]]>
              </value>
            </param>
          </params>
          <exception class="org.testng.SkipException">
            <message>
              <![CDATA[Skipping the test as runmode is set to no]]>
            </message>
            <full-stacktrace>
              <![CDATA[org.testng.SkipException: Skipping the test as runmode is set to no
at testCases.NewCaseEntryTabTest.addNewCaseEntry(NewCaseEntryTabTest.java:24)
at sun.reflect.NativeMethodAccessorImpl.invoke0(Native Method)
at sun.reflect.NativeMethodAccessorImpl.invoke(Unknown Source)
at sun.reflect.DelegatingMethodAccessorImpl.invoke(Unknown Source)
at java.lang.reflect.Method.invoke(Unknown Source)
at org.testng.internal.MethodInvocationHelper.invokeMethod(MethodInvocationHelper.java:124)
at org.testng.internal.Invoker.invokeMethod(Invoker.java:580)
at org.testng.internal.Invoker.invokeTestMethod(Invoker.java:716)
at org.testng.internal.Invoker.invokeTestMethods(Invoker.java:988)
at org.testng.internal.TestMethodWorker.invokeTestMethods(TestMethodWorker.java:125)
at org.testng.internal.TestMethodWorker.run(TestMethodWorker.java:109)
at org.testng.TestRunner.privateRun(TestRunner.java:648)
at org.testng.TestRunner.run(TestRunner.java:505)
at org.testng.SuiteRunner.runTest(SuiteRunner.java:455)
at org.testng.SuiteRunner.runSequentially(SuiteRunner.java:450)
at org.testng.SuiteRunner.privateRun(SuiteRunner.java:415)
at org.testng.SuiteRunner.run(SuiteRunner.java:364)
at org.testng.SuiteRunnerWorker.runSuite(SuiteRunnerWorker.java:52)
at org.testng.SuiteRunnerWorker.run(SuiteRunnerWorker.java:84)
at org.testng.TestNG.runSuitesSequentially(TestNG.java:1208)
at org.testng.TestNG.runSuitesLocally(TestNG.java:1137)
at org.testng.TestNG.runSuites(TestNG.java:1049)
at org.testng.TestNG.run(TestNG.java:1017)
at org.apache.maven.surefire.testng.TestNGExecutor.run(TestNGExecutor.java:281)
at org.apache.maven.surefire.testng.TestNGXmlTestSuite.execute(TestNGXmlTestSuite.java:75)
at org.apache.maven.surefire.testng.TestNGProvider.invoke(TestNGProvider.java:121)
at org.apache.maven.surefire.booter.ForkedBooter.invokeProviderInSameClassLoader(ForkedBooter.java:290)
at org.apache.maven.surefire.booter.ForkedBooter.runSuitesInProcess(ForkedBooter.java:242)
at org.apache.maven.surefire.booter.ForkedBooter.main(ForkedBooter.java:121)
]]>
            </full-stacktrace>
          </exception> <!-- org.testng.SkipException -->
          <reporter-output>
          </reporter-output>
        </test-method> <!-- addNewCaseEntry -->
      </class> <!-- testCases.NewCaseEntryTabTest -->
    </test> <!-- NewcaseEntry Tab Test -->
    <test name="COBCaseSearchTest Tab Test" duration-ms="273215" started-at="2020-03-06T07:04:06Z" finished-at="2020-03-06T07:08:40Z">
      <class name="testCases.COBCaseSearchTest">
        <test-method status="PASS" signature="clickActivity(java.util.Hashtable)[pri:0, instance:testCases.COBCaseSearchTest@7a8c8dcf]" name="clickActivity" duration-ms="273214" started-at="2020-03-06T07:04:06Z" data-provider="getdata" finished-at="2020-03-06T07:08:40Z">
          <params>
            <param index="0">
              <value>
                <![CDATA[{CaseStatus1=Investigation, Ctype1=COB Case, Runmode=Y, Claimtype1=Age Over 65, CsNumber=1058208, Cname1=(003) Rush}]]>
              </value>
            </param>
          </params>
          <reporter-output>
          </reporter-output>
        </test-method> <!-- clickActivity -->
      </class> <!-- testCases.COBCaseSearchTest -->
    </test> <!-- COBCaseSearchTest Tab Test -->
    <test name="COBActivitytTabTest Tab Test" duration-ms="43668" started-at="2020-03-06T07:08:40Z" finished-at="2020-03-06T07:09:23Z">
      <class name="testCases.COBActivitytTabTest">
        <test-method status="PASS" signature="doLogin(java.util.Hashtable)[pri:0, instance:testCases.COBActivitytTabTest@131ef10]" name="doLogin" duration-ms="43666" started-at="2020-03-06T07:08:40Z" data-provider="getdata" finished-at="2020-03-06T07:09:23Z">
          <params>
            <param index="0">
              <value>
                <![CDATA[{Txt1=Sample Activity, Anote1=Notes: Investigation , Runmode=Y, Aname1=Complaint: disconnected, Txt2=ALL}]]>
              </value>
            </param>
          </params>
          <reporter-output>
          </reporter-output>
        </test-method> <!-- doLogin -->
      </class> <!-- testCases.COBActivitytTabTest -->
    </test> <!-- COBActivitytTabTest Tab Test -->
    <test name="COBDiaryTabTest Tab Test" duration-ms="118973" started-at="2020-03-06T07:09:23Z" finished-at="2020-03-06T07:11:22Z">
      <class name="testCases.COBDiaryTabTest">
        <test-method status="FAIL" signature="doLogin(java.util.Hashtable)[pri:0, instance:testCases.COBDiaryTabTest@79d8407f]" name="doLogin" duration-ms="118963" started-at="2020-03-06T07:09:23Z" data-provider="getdata" finished-at="2020-03-06T07:11:22Z">
          <params>
            <param index="0">
              <value>
                <![CDATA[{diarycatogory1=Investigation, changestatus3=Open, changestatus2=Closed, diarytype1=ASAP, Runmode=Y, diarydisc1=Sample diary }]]>
              </value>
            </param>
          </params>
          <exception class="java.lang.AssertionError">
            <message>
              <![CDATA[Fail -Unable to select the optiondiarycatogory1]]>
            </message>
            <full-stacktrace>
              <![CDATA[java.lang.AssertionError: Fail -Unable to select the optiondiarycatogory1
at org.testng.Assert.fail(Assert.java:96)
at com.qtpselenium.util.Keywords.executekeywords(Keywords.java:152)
at testCases.COBDiaryTabTest.doLogin(COBDiaryTabTest.java:28)
at sun.reflect.NativeMethodAccessorImpl.invoke0(Native Method)
at sun.reflect.NativeMethodAccessorImpl.invoke(Unknown Source)
at sun.reflect.DelegatingMethodAccessorImpl.invoke(Unknown Source)
at java.lang.reflect.Method.invoke(Unknown Source)
at org.testng.internal.MethodInvocationHelper.invokeMethod(MethodInvocationHelper.java:124)
at org.testng.internal.Invoker.invokeMethod(Invoker.java:580)
at org.testng.internal.Invoker.invokeTestMethod(Invoker.java:716)
at org.testng.internal.Invoker.invokeTestMethods(Invoker.java:988)
at org.testng.internal.TestMethodWorker.invokeTestMethods(TestMethodWorker.java:125)
at org.testng.internal.TestMethodWorker.run(TestMethodWorker.java:109)
at org.testng.TestRunner.privateRun(TestRunner.java:648)
at org.testng.TestRunner.run(TestRunner.java:505)
at org.testng.SuiteRunner.runTest(SuiteRunner.java:455)
at org.testng.SuiteRunner.runSequentially(SuiteRunner.java:450)
at org.testng.SuiteRunner.privateRun(SuiteRunner.java:415)
at org.testng.SuiteRunner.run(SuiteRunner.java:364)
at org.testng.SuiteRunnerWorker.runSuite(SuiteRunnerWorker.java:52)
at org.testng.SuiteRunnerWorker.run(SuiteRunnerWorker.java:84)
at org.testng.TestNG.runSuitesSequentially(TestNG.java:1208)
at org.testng.TestNG.runSuitesLocally(TestNG.java:1137)
at org.testng.TestNG.runSuites(TestNG.java:1049)
at org.testng.TestNG.run(TestNG.java:1017)
at org.apache.maven.surefire.testng.TestNGExecutor.run(TestNGExecutor.java:281)
at org.apache.maven.surefire.testng.TestNGXmlTestSuite.execute(TestNGXmlTestSuite.java:75)
at org.apache.maven.surefire.testng.TestNGProvider.invoke(TestNGProvider.java:121)
at org.apache.maven.surefire.booter.ForkedBooter.invokeProviderInSameClassLoader(ForkedBooter.java:290)
at org.apache.maven.surefire.booter.ForkedBooter.runSuitesInProcess(ForkedBooter.java:242)
at org.apache.maven.surefire.booter.ForkedBooter.main(ForkedBooter.java:121)
]]>
            </full-stacktrace>
          </exception> <!-- java.lang.AssertionError -->
          <reporter-output>
          </reporter-output>
        </test-method> <!-- doLogin -->
      </class> <!-- testCases.COBDiaryTabTest -->
    </test> <!-- COBDiaryTabTest Tab Test -->
    <test name="COBNewCaseEntryTabTest Tab Test" duration-ms="56813" started-at="2020-03-06T07:11:22Z" finished-at="2020-03-06T07:12:19Z">
      <class name="testCases.COBNewCaseEntryTabTest">
        <test-method status="FAIL" signature="doLogin(java.util.Hashtable)[pri:0, instance:testCases.COBNewCaseEntryTabTest@1757cd72]" name="doLogin" duration-ms="56811" started-at="2020-03-06T07:11:22Z" data-provider="getdata" finished-at="2020-03-06T07:12:19Z">
          <params>
            <param index="0">
              <value>
                <![CDATA[{AcName1=a, TypeofCase1=COB Case, suffixid=1234567.0, ssn=1.23456789E8, adddiscription1=ABCXYZDEF, Runmode=Y, FristName1=a, lastname=Patil, memberid=66675908994089378, address=ABCXYZ, fistname=Swanand, Cname3=Rush}]]>
              </value>
            </param>
          </params>
          <exception class="java.lang.AssertionError">
            <message>
              <![CDATA[Fail -Unable to select the optionclientname3]]>
            </message>
            <full-stacktrace>
              <![CDATA[java.lang.AssertionError: Fail -Unable to select the optionclientname3
at org.testng.Assert.fail(Assert.java:96)
at com.qtpselenium.util.Keywords.executekeywords(Keywords.java:152)
at testCases.COBNewCaseEntryTabTest.doLogin(COBNewCaseEntryTabTest.java:29)
at sun.reflect.NativeMethodAccessorImpl.invoke0(Native Method)
at sun.reflect.NativeMethodAccessorImpl.invoke(Unknown Source)
at sun.reflect.DelegatingMethodAccessorImpl.invoke(Unknown Source)
at java.lang.reflect.Method.invoke(Unknown Source)
at org.testng.internal.MethodInvocationHelper.invokeMethod(MethodInvocationHelper.java:124)
at org.testng.internal.Invoker.invokeMethod(Invoker.java:580)
at org.testng.internal.Invoker.invokeTestMethod(Invoker.java:716)
at org.testng.internal.Invoker.invokeTestMethods(Invoker.java:988)
at org.testng.internal.TestMethodWorker.invokeTestMethods(TestMethodWorker.java:125)
at org.testng.internal.TestMethodWorker.run(TestMethodWorker.java:109)
at org.testng.TestRunner.privateRun(TestRunner.java:648)
at org.testng.TestRunner.run(TestRunner.java:505)
at org.testng.SuiteRunner.runTest(SuiteRunner.java:455)
at org.testng.SuiteRunner.runSequentially(SuiteRunner.java:450)
at org.testng.SuiteRunner.privateRun(SuiteRunner.java:415)
at org.testng.SuiteRunner.run(SuiteRunner.java:364)
at org.testng.SuiteRunnerWorker.runSuite(SuiteRunnerWorker.java:52)
at org.testng.SuiteRunnerWorker.run(SuiteRunnerWorker.java:84)
at org.testng.TestNG.runSuitesSequentially(TestNG.java:1208)
at org.testng.TestNG.runSuitesLocally(TestNG.java:1137)
at org.testng.TestNG.runSuites(TestNG.java:1049)
at org.testng.TestNG.run(TestNG.java:1017)
at org.apache.maven.surefire.testng.TestNGExecutor.run(TestNGExecutor.java:281)
at org.apache.maven.surefire.testng.TestNGXmlTestSuite.execute(TestNGXmlTestSuite.java:75)
at org.apache.maven.surefire.testng.TestNGProvider.invoke(TestNGProvider.java:121)
at org.apache.maven.surefire.booter.ForkedBooter.invokeProviderInSameClassLoader(ForkedBooter.java:290)
at org.apache.maven.surefire.booter.ForkedBooter.runSuitesInProcess(ForkedBooter.java:242)
at org.apache.maven.surefire.booter.ForkedBooter.main(ForkedBooter.java:121)
]]>
            </full-stacktrace>
          </exception> <!-- java.lang.AssertionError -->
          <reporter-output>
          </reporter-output>
        </test-method> <!-- doLogin -->
      </class> <!-- testCases.COBNewCaseEntryTabTest -->
    </test> <!-- COBNewCaseEntryTabTest Tab Test -->
    <test name="Letter Tab Test" duration-ms="2" started-at="2020-03-06T07:12:19Z" finished-at="2020-03-06T07:12:19Z">
      <class name="testCases.LetterTabTest">
        <test-method status="SKIP" signature="clickActivity(java.util.Hashtable)[pri:0, instance:testCases.LetterTabTest@424e1977]" name="clickActivity" duration-ms="1" started-at="2020-03-06T07:12:19Z" data-provider="getdata" finished-at="2020-03-06T07:12:19Z">
          <params>
            <param index="0">
              <value>
                <![CDATA[{LetterRecipent=Member, Ptype=Email, Runmode=N, inputdate=4/4/19, letter=22_Accounting Refund, Lettertype=Outgoing, letterType=Accounting Letters}]]>
              </value>
            </param>
          </params>
          <exception class="org.testng.SkipException">
            <message>
              <![CDATA[Skipping the test as runmode is set to no]]>
            </message>
            <full-stacktrace>
              <![CDATA[org.testng.SkipException: Skipping the test as runmode is set to no
at testCases.LetterTabTest.clickActivity(LetterTabTest.java:25)
at sun.reflect.NativeMethodAccessorImpl.invoke0(Native Method)
at sun.reflect.NativeMethodAccessorImpl.invoke(Unknown Source)
at sun.reflect.DelegatingMethodAccessorImpl.invoke(Unknown Source)
at java.lang.reflect.Method.invoke(Unknown Source)
at org.testng.internal.MethodInvocationHelper.invokeMethod(MethodInvocationHelper.java:124)
at org.testng.internal.Invoker.invokeMethod(Invoker.java:580)
at org.testng.internal.Invoker.invokeTestMethod(Invoker.java:716)
at org.testng.internal.Invoker.invokeTestMethods(Invoker.java:988)
at org.testng.internal.TestMethodWorker.invokeTestMethods(TestMethodWorker.java:125)
at org.testng.internal.TestMethodWorker.run(TestMethodWorker.java:109)
at org.testng.TestRunner.privateRun(TestRunner.java:648)
at org.testng.TestRunner.run(TestRunner.java:505)
at org.testng.SuiteRunner.runTest(SuiteRunner.java:455)
at org.testng.SuiteRunner.runSequentially(SuiteRunner.java:450)
at org.testng.SuiteRunner.privateRun(SuiteRunner.java:415)
at org.testng.SuiteRunner.run(SuiteRunner.java:364)
at org.testng.SuiteRunnerWorker.runSuite(SuiteRunnerWorker.java:52)
at org.testng.SuiteRunnerWorker.run(SuiteRunnerWorker.java:84)
at org.testng.TestNG.runSuitesSequentially(TestNG.java:1208)
at org.testng.TestNG.runSuitesLocally(TestNG.java:1137)
at org.testng.TestNG.runSuites(TestNG.java:1049)
at org.testng.TestNG.run(TestNG.java:1017)
at org.apache.maven.surefire.testng.TestNGExecutor.run(TestNGExecutor.java:281)
at org.apache.maven.surefire.testng.TestNGXmlTestSuite.execute(TestNGXmlTestSuite.java:75)
at org.apache.maven.surefire.testng.TestNGProvider.invoke(TestNGProvider.java:121)
at org.apache.maven.surefire.booter.ForkedBooter.invokeProviderInSameClassLoader(ForkedBooter.java:290)
at org.apache.maven.surefire.booter.ForkedBooter.runSuitesInProcess(ForkedBooter.java:242)
at org.apache.maven.surefire.booter.ForkedBooter.main(ForkedBooter.java:121)
]]>
            </full-stacktrace>
          </exception> <!-- org.testng.SkipException -->
          <reporter-output>
          </reporter-output>
        </test-method> <!-- clickActivity -->
      </class> <!-- testCases.LetterTabTest -->
    </test> <!-- Letter Tab Test -->
  </suite> <!-- example1 -->
</testng-results>
